{
  "RSpec": {
    "coverage": {
      "/Users/jayway/makers/projects/week-4/ALINAmessageapp/messages_app/spec/features/features_spec.rb": [
        1,
        1,
        1,
        1,
        null,
        null,
        null,
        1,
        1,
        1,
        1,
        1,
        null,
        null,
        null,
        1,
        1,
        1,
        null,
        null,
        1,
        1,
        null,
        null,
        1,
        1,
        1,
        null,
        null,
        null,
        1,
        1,
        1,
        1,
        1,
        1,
        1,
        1,
        1,
        1,
        null,
        null
      ],
      "/Users/jayway/makers/projects/week-4/ALINAmessageapp/messages_app/spec/message_spec.rb": [
        1,
        null,
        1,
        1,
        3,
        null,
        null,
        1,
        3,
        null,
        null,
        4,
        null,
        1,
        1,
        1,
        null,
        null,
        null,
        1,
        1,
        1,
        null,
        null,
        null,
        1,
        1,
        1,
        null,
        null,
        null
      ],
      "/Users/jayway/makers/projects/week-4/ALINAmessageapp/messages_app/spec/messagehistory_spec.rb": [
        1,
        null,
        1,
        3,
        3,
        2,
        null,
        1,
        1,
        1,
        null,
        null,
        null,
        1,
        1,
        1,
        1,
        1,
        null,
        null,
        null
      ]
    },
    "timestamp": 1545149761
  }
}
